# JRE version: Java(TM) SE Runtime Environment (11.0.2+9) (build 11.0.2+9-LTS)
# Java VM: Java HotSpot(TM) 64-Bit Server VM (11.0.2+9-LTS, mixed mode, tiered, compressed oops, g1 gc, windows-amd64)
Heap:
 garbage-first heap   total 174080K, used 52561K [0x0000000080000000, 0x0000000100000000)
  region size 1024K, 48 young (49152K), 10 survivors (10240K)
 Metaspace       used 38366K, capacity 39444K, committed 39728K, reserved 1083392K
  class space    used 4784K, capacity 5190K, committed 5248K, reserved 1048576K
GC Heap History (10 events):
Event: 2.092 GC heap before
{Heap before GC invocations=2 (full 0):
 garbage-first heap   total 131072K, used 14970K [0x0000000080000000, 0x0000000100000000)
  region size 1024K, 11 young (11264K), 1 survivors (1024K)
 Metaspace       used 14433K, capacity 14806K, committed 14976K, reserved 1062912K
  class space    used 1548K, capacity 1663K, committed 1664K, reserved 1048576K
}
Event: 2.099 GC heap after
{Heap after GC invocations=3 (full 0):
 garbage-first heap   total 131072K, used 5238K [0x0000000080000000, 0x0000000100000000)
  region size 1024K, 2 young (2048K), 2 survivors (2048K)
 Metaspace       used 14433K, capacity 14806K, committed 14976K, reserved 1062912K
  class space    used 1548K, capacity 1663K, committed 1664K, reserved 1048576K
}
Event: 2.498 GC heap before
{Heap before GC invocations=3 (full 0):
 garbage-first heap   total 131072K, used 18550K [0x0000000080000000, 0x0000000100000000)
  region size 1024K, 16 young (16384K), 2 survivors (2048K)
 Metaspace       used 17521K, capacity 18041K, committed 18304K, reserved 1064960K
  class space    used 1958K, capacity 2155K, committed 2176K, reserved 1048576K
}
Event: 2.504 GC heap after
{Heap after GC invocations=4 (full 0):
 garbage-first heap   total 131072K, used 6110K [0x0000000080000000, 0x0000000100000000)
  region size 1024K, 2 young (2048K), 2 survivors (2048K)
 Metaspace       used 17521K, capacity 18041K, committed 18304K, reserved 1064960K
  class space    used 1958K, capacity 2155K, committed 2176K, reserved 1048576K
}
Event: 3.012 GC heap before
{Heap before GC invocations=4 (full 0):
 garbage-first heap   total 131072K, used 25566K [0x0000000080000000, 0x0000000100000000)
  region size 1024K, 22 young (22528K), 2 survivors (2048K)
 Metaspace       used 20652K, capacity 21210K, committed 21296K, reserved 1069056K
  class space    used 2490K, capacity 2675K, committed 2688K, reserved 1048576K
}
Event: 3.021 GC heap after
{Heap after GC invocations=5 (full 0):
 garbage-first heap   total 174080K, used 6994K [0x0000000080000000, 0x0000000100000000)
  region size 1024K, 3 young (3072K), 3 survivors (3072K)
 Metaspace       used 20652K, capacity 21210K, committed 21296K, reserved 1069056K
  class space    used 2490K, capacity 2675K, committed 2688K, reserved 1048576K
}
Event: 4.298 GC heap before
{Heap before GC invocations=6 (full 0):
 garbage-first heap   total 174080K, used 50002K [0x0000000080000000, 0x0000000100000000)
  region size 1024K, 46 young (47104K), 3 survivors (3072K)
 Metaspace       used 26634K, capacity 27349K, committed 27568K, reserved 1073152K
  class space    used 3241K, capacity 3518K, committed 3584K, reserved 1048576K
}
Event: 4.311 GC heap after
{Heap after GC invocations=7 (full 0):
 garbage-first heap   total 174080K, used 9367K [0x0000000080000000, 0x0000000100000000)
  region size 1024K, 5 young (5120K), 5 survivors (5120K)
 Metaspace       used 26634K, capacity 27349K, committed 27568K, reserved 1073152K
  class space    used 3241K, capacity 3518K, committed 3584K, reserved 1048576K
}
Event: 5.705 GC heap before
{Heap before GC invocations=7 (full 0):
 garbage-first heap   total 174080K, used 91287K [0x0000000080000000, 0x0000000100000000)
  region size 1024K, 86 young (88064K), 5 survivors (5120K)
 Metaspace       used 34503K, capacity 35509K, committed 35632K, reserved 1081344K
  class space    used 4259K, capacity 4646K, committed 4736K, reserved 1048576K
}
Event: 5.737 GC heap after
{Heap after GC invocations=8 (full 0):
 garbage-first heap   total 174080K, used 14673K [0x0000000080000000, 0x0000000100000000)
  region size 1024K, 10 young (10240K), 10 survivors (10240K)
 Metaspace       used 34503K, capacity 35509K, committed 35632K, reserved 1081344K
  class space    used 4259K, capacity 4646K, committed 4736K, reserved 1048576K
}

