# JRE version: Java(TM) SE Runtime Environment (11.0.2+9) (build 11.0.2+9-LTS)
# Java VM: Java HotSpot(TM) 64-Bit Server VM (11.0.2+9-LTS, mixed mode, tiered, compressed oops, g1 gc, windows-amd64)
Heap:
 garbage-first heap   total 158720K, used 50787K [0x0000000080000000, 0x0000000100000000)
  region size 1024K, 43 young (44032K), 7 survivors (7168K)
 Metaspace       used 38492K, capacity 39604K, committed 39728K, reserved 1083392K
  class space    used 4804K, capacity 5222K, committed 5248K, reserved 1048576K
GC Heap History (10 events):
Event: 2.727 GC heap before
{Heap before GC invocations=3 (full 0):
 garbage-first heap   total 131072K, used 20727K [0x0000000080000000, 0x0000000100000000)
  region size 1024K, 18 young (18432K), 2 survivors (2048K)
 Metaspace       used 18130K, capacity 18672K, committed 18944K, reserved 1067008K
  class space    used 2067K, capacity 2256K, committed 2304K, reserved 1048576K
}
Event: 2.734 GC heap after
{Heap after GC invocations=4 (full 0):
 garbage-first heap   total 131072K, used 6113K [0x0000000080000000, 0x0000000100000000)
  region size 1024K, 2 young (2048K), 2 survivors (2048K)
 Metaspace       used 18130K, capacity 18672K, committed 18944K, reserved 1067008K
  class space    used 2067K, capacity 2256K, committed 2304K, reserved 1048576K
}
Event: 3.002 GC heap before
{Heap before GC invocations=4 (full 0):
 garbage-first heap   total 131072K, used 23521K [0x0000000080000000, 0x0000000100000000)
  region size 1024K, 20 young (20480K), 2 survivors (2048K)
 Metaspace       used 20730K, capacity 21237K, committed 21296K, reserved 1069056K
  class space    used 2478K, capacity 2684K, committed 2688K, reserved 1048576K
}
Event: 3.010 GC heap after
{Heap after GC invocations=5 (full 0):
 garbage-first heap   total 131072K, used 7136K [0x0000000080000000, 0x0000000100000000)
  region size 1024K, 3 young (3072K), 3 survivors (3072K)
 Metaspace       used 20730K, capacity 21237K, committed 21296K, reserved 1069056K
  class space    used 2478K, capacity 2684K, committed 2688K, reserved 1048576K
}
Event: 3.741 GC heap before
{Heap before GC invocations=6 (full 0):
 garbage-first heap   total 131072K, used 37856K [0x0000000080000000, 0x0000000100000000)
  region size 1024K, 34 young (34816K), 3 survivors (3072K)
 Metaspace       used 26426K, capacity 27147K, committed 27312K, reserved 1073152K
  class space    used 3203K, capacity 3475K, committed 3584K, reserved 1048576K
}
Event: 3.754 GC heap after
{Heap after GC invocations=7 (full 0):
 garbage-first heap   total 158720K, used 8749K [0x0000000080000000, 0x0000000100000000)
  region size 1024K, 4 young (4096K), 4 survivors (4096K)
 Metaspace       used 26426K, capacity 27147K, committed 27312K, reserved 1073152K
  class space    used 3203K, capacity 3475K, committed 3584K, reserved 1048576K
}
Event: 5.477 GC heap before
{Heap before GC invocations=7 (full 0):
 garbage-first heap   total 158720K, used 77357K [0x0000000080000000, 0x0000000100000000)
  region size 1024K, 71 young (72704K), 4 survivors (4096K)
 Metaspace       used 32440K, capacity 33396K, committed 33456K, reserved 1079296K
  class space    used 4002K, capacity 4351K, committed 4352K, reserved 1048576K
}
Event: 5.500 GC heap after
{Heap after GC invocations=8 (full 0):
 garbage-first heap   total 158720K, used 12845K [0x0000000080000000, 0x0000000100000000)
  region size 1024K, 8 young (8192K), 8 survivors (8192K)
 Metaspace       used 32440K, capacity 33396K, committed 33456K, reserved 1079296K
  class space    used 4002K, capacity 4351K, committed 4352K, reserved 1048576K
}
Event: 5.944 GC heap before
{Heap before GC invocations=8 (full 0):
 garbage-first heap   total 158720K, used 41517K [0x0000000080000000, 0x0000000100000000)
  region size 1024K, 37 young (37888K), 8 survivors (8192K)
 Metaspace       used 34820K, capacity 35830K, committed 35888K, reserved 1081344K
  class space    used 4305K, capacity 4689K, committed 4736K, reserved 1048576K
}
Event: 5.976 GC heap after
{Heap after GC invocations=9 (full 0):
 garbage-first heap   total 158720K, used 14947K [0x0000000080000000, 0x0000000100000000)
  region size 1024K, 7 young (7168K), 7 survivors (7168K)
 Metaspace       used 34820K, capacity 35830K, committed 35888K, reserved 1081344K
  class space    used 4305K, capacity 4689K, committed 4736K, reserved 1048576K
}

