# JRE version: Java(TM) SE Runtime Environment (11.0.2+9) (build 11.0.2+9-LTS)
# Java VM: Java HotSpot(TM) 64-Bit Server VM (11.0.2+9-LTS, mixed mode, tiered, compressed oops, g1 gc, windows-amd64)
Heap:
 garbage-first heap   total 187392K, used 50687K [0x0000000080000000, 0x0000000100000000)
  region size 1024K, 46 young (47104K), 10 survivors (10240K)
 Metaspace       used 38565K, capacity 39668K, committed 39728K, reserved 1083392K
  class space    used 4801K, capacity 5222K, committed 5248K, reserved 1048576K
GC Heap History (10 events):
Event: 2.174 GC heap before
{Heap before GC invocations=2 (full 0):
 garbage-first heap   total 131072K, used 14061K [0x0000000080000000, 0x0000000100000000)
  region size 1024K, 11 young (11264K), 1 survivors (1024K)
 Metaspace       used 14500K, capacity 14870K, committed 14976K, reserved 1062912K
  class space    used 1549K, capacity 1663K, committed 1664K, reserved 1048576K
}
Event: 2.179 GC heap after
{Heap after GC invocations=3 (full 0):
 garbage-first heap   total 131072K, used 5363K [0x0000000080000000, 0x0000000100000000)
  region size 1024K, 2 young (2048K), 2 survivors (2048K)
 Metaspace       used 14500K, capacity 14870K, committed 14976K, reserved 1062912K
  class space    used 1549K, capacity 1663K, committed 1664K, reserved 1048576K
}
Event: 2.567 GC heap before
{Heap before GC invocations=3 (full 0):
 garbage-first heap   total 131072K, used 19699K [0x0000000080000000, 0x0000000100000000)
  region size 1024K, 17 young (17408K), 2 survivors (2048K)
 Metaspace       used 17761K, capacity 18279K, committed 18304K, reserved 1064960K
  class space    used 1976K, capacity 2167K, committed 2176K, reserved 1048576K
}
Event: 2.576 GC heap after
{Heap after GC invocations=4 (full 0):
 garbage-first heap   total 131072K, used 6128K [0x0000000080000000, 0x0000000100000000)
  region size 1024K, 3 young (3072K), 3 survivors (3072K)
 Metaspace       used 17761K, capacity 18279K, committed 18304K, reserved 1064960K
  class space    used 1976K, capacity 2167K, committed 2176K, reserved 1048576K
}
Event: 3.010 GC heap before
{Heap before GC invocations=4 (full 0):
 garbage-first heap   total 131072K, used 24560K [0x0000000080000000, 0x0000000100000000)
  region size 1024K, 22 young (22528K), 3 survivors (3072K)
 Metaspace       used 20680K, capacity 21243K, committed 21296K, reserved 1069056K
  class space    used 2460K, capacity 2687K, committed 2688K, reserved 1048576K
}
Event: 3.030 GC heap after
{Heap after GC invocations=5 (full 0):
 garbage-first heap   total 131072K, used 7060K [0x0000000080000000, 0x0000000100000000)
  region size 1024K, 3 young (3072K), 3 survivors (3072K)
 Metaspace       used 20680K, capacity 21243K, committed 21296K, reserved 1069056K
  class space    used 2460K, capacity 2687K, committed 2688K, reserved 1048576K
}
Event: 4.857 GC heap before
{Heap before GC invocations=6 (full 0):
 garbage-first heap   total 131072K, used 61332K [0x0000000080000000, 0x0000000100000000)
  region size 1024K, 56 young (57344K), 3 survivors (3072K)
 Metaspace       used 27243K, capacity 28033K, committed 28208K, reserved 1073152K
  class space    used 3332K, capacity 3613K, committed 3712K, reserved 1048576K
}
Event: 4.875 GC heap after
{Heap after GC invocations=7 (full 0):
 garbage-first heap   total 187392K, used 9932K [0x0000000080000000, 0x0000000100000000)
  region size 1024K, 5 young (5120K), 5 survivors (5120K)
 Metaspace       used 27243K, capacity 28033K, committed 28208K, reserved 1073152K
  class space    used 3332K, capacity 3613K, committed 3712K, reserved 1048576K
}
Event: 6.495 GC heap before
{Heap before GC invocations=7 (full 0):
 garbage-first heap   total 187392K, used 85708K [0x0000000080000000, 0x0000000100000000)
  region size 1024K, 80 young (81920K), 5 survivors (5120K)
 Metaspace       used 34877K, capacity 35836K, committed 35888K, reserved 1081344K
  class space    used 4303K, capacity 4690K, committed 4736K, reserved 1048576K
}
Event: 6.542 GC heap after
{Heap after GC invocations=8 (full 0):
 garbage-first heap   total 187392K, used 14847K [0x0000000080000000, 0x0000000100000000)
  region size 1024K, 10 young (10240K), 10 survivors (10240K)
 Metaspace       used 34877K, capacity 35836K, committed 35888K, reserved 1081344K
  class space    used 4303K, capacity 4690K, committed 4736K, reserved 1048576K
}

