# JRE version: Java(TM) SE Runtime Environment (11.0.2+9) (build 11.0.2+9-LTS)
# Java VM: Java HotSpot(TM) 64-Bit Server VM (11.0.2+9-LTS, mixed mode, tiered, compressed oops, g1 gc, windows-amd64)
Heap:
 garbage-first heap   total 157696K, used 60437K [0x0000000080000000, 0x0000000100000000)
  region size 1024K, 54 young (55296K), 8 survivors (8192K)
 Metaspace       used 39378K, capacity 40468K, committed 40624K, reserved 1085440K
  class space    used 4918K, capacity 5318K, committed 5376K, reserved 1048576K
GC Heap History (10 events):
Event: 2.840 GC heap before
{Heap before GC invocations=3 (full 0):
 garbage-first heap   total 131072K, used 19672K [0x0000000080000000, 0x0000000100000000)
  region size 1024K, 17 young (17408K), 2 survivors (2048K)
 Metaspace       used 17972K, capacity 18434K, committed 18688K, reserved 1064960K
  class space    used 2033K, capacity 2221K, committed 2304K, reserved 1048576K
}
Event: 2.848 GC heap after
{Heap after GC invocations=4 (full 0):
 garbage-first heap   total 131072K, used 6164K [0x0000000080000000, 0x0000000100000000)
  region size 1024K, 2 young (2048K), 2 survivors (2048K)
 Metaspace       used 17972K, capacity 18434K, committed 18688K, reserved 1064960K
  class space    used 2033K, capacity 2221K, committed 2304K, reserved 1048576K
}
Event: 3.241 GC heap before
{Heap before GC invocations=4 (full 0):
 garbage-first heap   total 131072K, used 23572K [0x0000000080000000, 0x0000000100000000)
  region size 1024K, 21 young (21504K), 2 survivors (2048K)
 Metaspace       used 20703K, capacity 21227K, committed 21296K, reserved 1069056K
  class space    used 2490K, capacity 2680K, committed 2688K, reserved 1048576K
}
Event: 3.249 GC heap after
{Heap after GC invocations=5 (full 0):
 garbage-first heap   total 131072K, used 6893K [0x0000000080000000, 0x0000000100000000)
  region size 1024K, 3 young (3072K), 3 survivors (3072K)
 Metaspace       used 20703K, capacity 21227K, committed 21296K, reserved 1069056K
  class space    used 2490K, capacity 2680K, committed 2688K, reserved 1048576K
}
Event: 4.572 GC heap before
{Heap before GC invocations=6 (full 0):
 garbage-first heap   total 131072K, used 39661K [0x0000000080000000, 0x0000000100000000)
  region size 1024K, 35 young (35840K), 3 survivors (3072K)
 Metaspace       used 26425K, capacity 27147K, committed 27312K, reserved 1073152K
  class space    used 3208K, capacity 3474K, committed 3584K, reserved 1048576K
}
Event: 4.587 GC heap after
{Heap after GC invocations=7 (full 0):
 garbage-first heap   total 157696K, used 8649K [0x0000000080000000, 0x0000000100000000)
  region size 1024K, 4 young (4096K), 4 survivors (4096K)
 Metaspace       used 26425K, capacity 27147K, committed 27312K, reserved 1073152K
  class space    used 3208K, capacity 3474K, committed 3584K, reserved 1048576K
}
Event: 6.678 GC heap before
{Heap before GC invocations=7 (full 0):
 garbage-first heap   total 157696K, used 80329K [0x0000000080000000, 0x0000000100000000)
  region size 1024K, 74 young (75776K), 4 survivors (4096K)
 Metaspace       used 32836K, capacity 33789K, committed 34096K, reserved 1079296K
  class space    used 4032K, capacity 4418K, committed 4480K, reserved 1048576K
}
Event: 6.702 GC heap after
{Heap after GC invocations=8 (full 0):
 garbage-first heap   total 157696K, used 13095K [0x0000000080000000, 0x0000000100000000)
  region size 1024K, 9 young (9216K), 9 survivors (9216K)
 Metaspace       used 32836K, capacity 33789K, committed 34096K, reserved 1079296K
  class space    used 4032K, capacity 4418K, committed 4480K, reserved 1048576K
}
Event: 7.130 GC heap before
{Heap before GC invocations=8 (full 0):
 garbage-first heap   total 157696K, used 34599K [0x0000000080000000, 0x0000000100000000)
  region size 1024K, 31 young (31744K), 9 survivors (9216K)
 Metaspace       used 34507K, capacity 35509K, committed 35632K, reserved 1081344K
  class space    used 4264K, capacity 4646K, committed 4736K, reserved 1048576K
}
Event: 7.170 GC heap after
{Heap after GC invocations=9 (full 0):
 garbage-first heap   total 157696K, used 14357K [0x0000000080000000, 0x0000000100000000)
  region size 1024K, 8 young (8192K), 8 survivors (8192K)
 Metaspace       used 34507K, capacity 35509K, committed 35632K, reserved 1081344K
  class space    used 4264K, capacity 4646K, committed 4736K, reserved 1048576K
}

